# JRE version: OpenJDK Runtime Environment Temurin-17.0.11+9 (17.0.11+9) (build 17.0.11+9)
# Java VM: OpenJDK Client VM Temurin-17.0.11+9 (17.0.11+9, mixed mode, emulated-client, serial gc, windows-x86)
GC Precious Log:
 CPUs: 12 total, 12 available
 Memory: 32374M
 Large Page Support: Disabled
 NUMA Support: Disabled
 Compressed Oops: Disabled
 Heap Min Capacity: 6M
 Heap Initial Capacity: 16M
 Heap Max Capacity: 1536M
 Pre-touch: Disabled
Heap:
 def new generation   total 165568K, used 115017K [0x05400000, 0x107a0000, 0x25400000)
  eden space 147200K,  72% used [0x05400000, 0x0bb9f688, 0x0e3c0000)
  from space 18368K,  48% used [0x0e3c0000, 0x0ec72e98, 0x0f5b0000)
  to   space 18368K,   0% used [0x0f5b0000, 0x0f5b0000, 0x107a0000)
 tenured generation   total 366156K, used 278210K [0x25400000, 0x3b993000, 0x65400000)
   the space 366156K,  75% used [0x25400000, 0x363b0a78, 0x363b0c00, 0x3b993000)
 Metaspace       used 96777K, committed 97344K, reserved 98304K
GC Heap History (20 events):
Event: 11.873 GC heap before
{Heap before GC invocations=101 (full 7):
 def new generation   total 165568K, used 152565K [0x05400000, 0x107a0000, 0x25400000)
  eden space 147200K, 100% used [0x05400000, 0x0e3c0000, 0x0e3c0000)
  from space 18368K,  29% used [0x0e3c0000, 0x0e8fd548, 0x0f5b0000)
  to   space 18368K,   0% used [0x0f5b0000, 0x0f5b0000, 0x107a0000)
 tenured generation   total 366156K, used 268911K [0x25400000, 0x3b993000, 0x65400000)
   the space 366156K,  73% used [0x25400000, 0x35a9bfc0, 0x35a9c000, 0x3b993000)
 Metaspace       used 91029K, committed 91648K, reserved 98304K
}
Event: 11.881 GC heap after
{Heap after GC invocations=102 (full 7):
 def new generation   total 165568K, used 5542K [0x05400000, 0x107a0000, 0x25400000)
  eden space 147200K,   0% used [0x05400000, 0x05400000, 0x0e3c0000)
  from space 18368K,  30% used [0x0f5b0000, 0x0fb19a50, 0x107a0000)
  to   space 18368K,   0% used [0x0e3c0000, 0x0e3c0000, 0x0f5b0000)
 tenured generation   total 366156K, used 268911K [0x25400000, 0x3b993000, 0x65400000)
   the space 366156K,  73% used [0x25400000, 0x35a9bfc0, 0x35a9c000, 0x3b993000)
 Metaspace       used 91029K, committed 91648K, reserved 98304K
}
Event: 11.923 GC heap before
{Heap before GC invocations=102 (full 7):
 def new generation   total 165568K, used 152742K [0x05400000, 0x107a0000, 0x25400000)
  eden space 147200K, 100% used [0x05400000, 0x0e3c0000, 0x0e3c0000)
  from space 18368K,  30% used [0x0f5b0000, 0x0fb19a50, 0x107a0000)
  to   space 18368K,   0% used [0x0e3c0000, 0x0e3c0000, 0x0f5b0000)
 tenured generation   total 366156K, used 268911K [0x25400000, 0x3b993000, 0x65400000)
   the space 366156K,  73% used [0x25400000, 0x35a9bfc0, 0x35a9c000, 0x3b993000)
 Metaspace       used 91031K, committed 91648K, reserved 98304K
}
Event: 11.931 GC heap after
{Heap after GC invocations=103 (full 7):
 def new generation   total 165568K, used 5498K [0x05400000, 0x107a0000, 0x25400000)
  eden space 147200K,   0% used [0x05400000, 0x05400000, 0x0e3c0000)
  from space 18368K,  29% used [0x0e3c0000, 0x0e91eb00, 0x0f5b0000)
  to   space 18368K,   0% used [0x0f5b0000, 0x0f5b0000, 0x107a0000)
 tenured generation   total 366156K, used 268911K [0x25400000, 0x3b993000, 0x65400000)
   the space 366156K,  73% used [0x25400000, 0x35a9bfc0, 0x35a9c000, 0x3b993000)
 Metaspace       used 91031K, committed 91648K, reserved 98304K
}
Event: 11.973 GC heap before
{Heap before GC invocations=103 (full 7):
 def new generation   total 165568K, used 152698K [0x05400000, 0x107a0000, 0x25400000)
  eden space 147200K, 100% used [0x05400000, 0x0e3c0000, 0x0e3c0000)
  from space 18368K,  29% used [0x0e3c0000, 0x0e91eb00, 0x0f5b0000)
  to   space 18368K,   0% used [0x0f5b0000, 0x0f5b0000, 0x107a0000)
 tenured generation   total 366156K, used 268911K [0x25400000, 0x3b993000, 0x65400000)
   the space 366156K,  73% used [0x25400000, 0x35a9bfc0, 0x35a9c000, 0x3b993000)
 Metaspace       used 91044K, committed 91648K, reserved 98304K
}
Event: 11.981 GC heap after
{Heap after GC invocations=104 (full 7):
 def new generation   total 165568K, used 5552K [0x05400000, 0x107a0000, 0x25400000)
  eden space 147200K,   0% used [0x05400000, 0x05400000, 0x0e3c0000)
  from space 18368K,  30% used [0x0f5b0000, 0x0fb1c2a0, 0x107a0000)
  to   space 18368K,   0% used [0x0e3c0000, 0x0e3c0000, 0x0f5b0000)
 tenured generation   total 366156K, used 268911K [0x25400000, 0x3b993000, 0x65400000)
   the space 366156K,  73% used [0x25400000, 0x35a9bfc0, 0x35a9c000, 0x3b993000)
 Metaspace       used 91044K, committed 91648K, reserved 98304K
}
Event: 12.174 GC heap before
{Heap before GC invocations=104 (full 7):
 def new generation   total 165568K, used 152752K [0x05400000, 0x107a0000, 0x25400000)
  eden space 147200K, 100% used [0x05400000, 0x0e3c0000, 0x0e3c0000)
  from space 18368K,  30% used [0x0f5b0000, 0x0fb1c2a0, 0x107a0000)
  to   space 18368K,   0% used [0x0e3c0000, 0x0e3c0000, 0x0f5b0000)
 tenured generation   total 366156K, used 268911K [0x25400000, 0x3b993000, 0x65400000)
   the space 366156K,  73% used [0x25400000, 0x35a9bfc0, 0x35a9c000, 0x3b993000)
 Metaspace       used 91468K, committed 92096K, reserved 98304K
}
Event: 12.185 GC heap after
{Heap after GC invocations=105 (full 7):
 def new generation   total 165568K, used 6581K [0x05400000, 0x107a0000, 0x25400000)
  eden space 147200K,   0% used [0x05400000, 0x05400000, 0x0e3c0000)
  from space 18368K,  35% used [0x0e3c0000, 0x0ea2d688, 0x0f5b0000)
  to   space 18368K,   0% used [0x0f5b0000, 0x0f5b0000, 0x107a0000)
 tenured generation   total 366156K, used 268911K [0x25400000, 0x3b993000, 0x65400000)
   the space 366156K,  73% used [0x25400000, 0x35a9bfc0, 0x35a9c000, 0x3b993000)
 Metaspace       used 91468K, committed 92096K, reserved 98304K
}
Event: 12.524 GC heap before
{Heap before GC invocations=105 (full 7):
 def new generation   total 165568K, used 153781K [0x05400000, 0x107a0000, 0x25400000)
  eden space 147200K, 100% used [0x05400000, 0x0e3c0000, 0x0e3c0000)
  from space 18368K,  35% used [0x0e3c0000, 0x0ea2d688, 0x0f5b0000)
  to   space 18368K,   0% used [0x0f5b0000, 0x0f5b0000, 0x107a0000)
 tenured generation   total 366156K, used 268911K [0x25400000, 0x3b993000, 0x65400000)
   the space 366156K,  73% used [0x25400000, 0x35a9bfc0, 0x35a9c000, 0x3b993000)
 Metaspace       used 92309K, committed 92928K, reserved 98304K
}
Event: 12.544 GC heap after
{Heap after GC invocations=106 (full 7):
 def new generation   total 165568K, used 11845K [0x05400000, 0x107a0000, 0x25400000)
  eden space 147200K,   0% used [0x05400000, 0x05400000, 0x0e3c0000)
  from space 18368K,  64% used [0x0f5b0000, 0x101417e0, 0x107a0000)
  to   space 18368K,   0% used [0x0e3c0000, 0x0e3c0000, 0x0f5b0000)
 tenured generation   total 366156K, used 268911K [0x25400000, 0x3b993000, 0x65400000)
   the space 366156K,  73% used [0x25400000, 0x35a9bfc0, 0x35a9c000, 0x3b993000)
 Metaspace       used 92309K, committed 92928K, reserved 98304K
}
Event: 12.668 GC heap before
{Heap before GC invocations=106 (full 7):
 def new generation   total 165568K, used 159045K [0x05400000, 0x107a0000, 0x25400000)
  eden space 147200K, 100% used [0x05400000, 0x0e3c0000, 0x0e3c0000)
  from space 18368K,  64% used [0x0f5b0000, 0x101417e0, 0x107a0000)
  to   space 18368K,   0% used [0x0e3c0000, 0x0e3c0000, 0x0f5b0000)
 tenured generation   total 366156K, used 268911K [0x25400000, 0x3b993000, 0x65400000)
   the space 366156K,  73% used [0x25400000, 0x35a9bfc0, 0x35a9c000, 0x3b993000)
 Metaspace       used 93266K, committed 93888K, reserved 98304K
}
Event: 12.683 GC heap after
{Heap after GC invocations=107 (full 7):
 def new generation   total 165568K, used 7799K [0x05400000, 0x107a0000, 0x25400000)
  eden space 147200K,   0% used [0x05400000, 0x05400000, 0x0e3c0000)
  from space 18368K,  42% used [0x0e3c0000, 0x0eb5dd68, 0x0f5b0000)
  to   space 18368K,   0% used [0x0f5b0000, 0x0f5b0000, 0x107a0000)
 tenured generation   total 366156K, used 271582K [0x25400000, 0x3b993000, 0x65400000)
   the space 366156K,  74% used [0x25400000, 0x35d379a8, 0x35d37a00, 0x3b993000)
 Metaspace       used 93266K, committed 93888K, reserved 98304K
}
Event: 12.726 GC heap before
{Heap before GC invocations=107 (full 7):
 def new generation   total 165568K, used 154999K [0x05400000, 0x107a0000, 0x25400000)
  eden space 147200K, 100% used [0x05400000, 0x0e3c0000, 0x0e3c0000)
  from space 18368K,  42% used [0x0e3c0000, 0x0eb5dd68, 0x0f5b0000)
  to   space 18368K,   0% used [0x0f5b0000, 0x0f5b0000, 0x107a0000)
 tenured generation   total 366156K, used 271582K [0x25400000, 0x3b993000, 0x65400000)
   the space 366156K,  74% used [0x25400000, 0x35d379a8, 0x35d37a00, 0x3b993000)
 Metaspace       used 93302K, committed 93952K, reserved 98304K
}
Event: 12.737 GC heap after
{Heap after GC invocations=108 (full 7):
 def new generation   total 165568K, used 8984K [0x05400000, 0x107a0000, 0x25400000)
  eden space 147200K,   0% used [0x05400000, 0x05400000, 0x0e3c0000)
  from space 18368K,  48% used [0x0f5b0000, 0x0fe76258, 0x107a0000)
  to   space 18368K,   0% used [0x0e3c0000, 0x0e3c0000, 0x0f5b0000)
 tenured generation   total 366156K, used 271582K [0x25400000, 0x3b993000, 0x65400000)
   the space 366156K,  74% used [0x25400000, 0x35d379a8, 0x35d37a00, 0x3b993000)
 Metaspace       used 93302K, committed 93952K, reserved 98304K
}
Event: 12.772 GC heap before
{Heap before GC invocations=108 (full 7):
 def new generation   total 165568K, used 156184K [0x05400000, 0x107a0000, 0x25400000)
  eden space 147200K, 100% used [0x05400000, 0x0e3c0000, 0x0e3c0000)
  from space 18368K,  48% used [0x0f5b0000, 0x0fe76258, 0x107a0000)
  to   space 18368K,   0% used [0x0e3c0000, 0x0e3c0000, 0x0f5b0000)
 tenured generation   total 366156K, used 271582K [0x25400000, 0x3b993000, 0x65400000)
   the space 366156K,  74% used [0x25400000, 0x35d379a8, 0x35d37a00, 0x3b993000)
 Metaspace       used 93313K, committed 93952K, reserved 98304K
}
Event: 12.783 GC heap after
{Heap after GC invocations=109 (full 7):
 def new generation   total 165568K, used 9148K [0x05400000, 0x107a0000, 0x25400000)
  eden space 147200K,   0% used [0x05400000, 0x05400000, 0x0e3c0000)
  from space 18368K,  49% used [0x0e3c0000, 0x0ecaf050, 0x0f5b0000)
  to   space 18368K,   0% used [0x0f5b0000, 0x0f5b0000, 0x107a0000)
 tenured generation   total 366156K, used 271582K [0x25400000, 0x3b993000, 0x65400000)
   the space 366156K,  74% used [0x25400000, 0x35d379a8, 0x35d37a00, 0x3b993000)
 Metaspace       used 93313K, committed 93952K, reserved 98304K
}
Event: 12.942 GC heap before
{Heap before GC invocations=109 (full 7):
 def new generation   total 165568K, used 156348K [0x05400000, 0x107a0000, 0x25400000)
  eden space 147200K, 100% used [0x05400000, 0x0e3c0000, 0x0e3c0000)
  from space 18368K,  49% used [0x0e3c0000, 0x0ecaf050, 0x0f5b0000)
  to   space 18368K,   0% used [0x0f5b0000, 0x0f5b0000, 0x107a0000)
 tenured generation   total 366156K, used 271582K [0x25400000, 0x3b993000, 0x65400000)
   the space 366156K,  74% used [0x25400000, 0x35d379a8, 0x35d37a00, 0x3b993000)
 Metaspace       used 93905K, committed 94528K, reserved 98304K
}
Event: 12.964 GC heap after
{Heap after GC invocations=110 (full 7):
 def new generation   total 165568K, used 15606K [0x05400000, 0x107a0000, 0x25400000)
  eden space 147200K,   0% used [0x05400000, 0x05400000, 0x0e3c0000)
  from space 18368K,  84% used [0x0f5b0000, 0x104ed988, 0x107a0000)
  to   space 18368K,   0% used [0x0e3c0000, 0x0e3c0000, 0x0f5b0000)
 tenured generation   total 366156K, used 271582K [0x25400000, 0x3b993000, 0x65400000)
   the space 366156K,  74% used [0x25400000, 0x35d379a8, 0x35d37a00, 0x3b993000)
 Metaspace       used 93905K, committed 94528K, reserved 98304K
}
Event: 13.086 GC heap before
{Heap before GC invocations=110 (full 7):
 def new generation   total 165568K, used 162806K [0x05400000, 0x107a0000, 0x25400000)
  eden space 147200K, 100% used [0x05400000, 0x0e3c0000, 0x0e3c0000)
  from space 18368K,  84% used [0x0f5b0000, 0x104ed988, 0x107a0000)
  to   space 18368K,   0% used [0x0e3c0000, 0x0e3c0000, 0x0f5b0000)
 tenured generation   total 366156K, used 271582K [0x25400000, 0x3b993000, 0x65400000)
   the space 366156K,  74% used [0x25400000, 0x35d379a8, 0x35d37a00, 0x3b993000)
 Metaspace       used 93932K, committed 94528K, reserved 98304K
}
Event: 13.104 GC heap after
{Heap after GC invocations=111 (full 7):
 def new generation   total 165568K, used 8907K [0x05400000, 0x107a0000, 0x25400000)
  eden space 147200K,   0% used [0x05400000, 0x05400000, 0x0e3c0000)
  from space 18368K,  48% used [0x0e3c0000, 0x0ec72e98, 0x0f5b0000)
  to   space 18368K,   0% used [0x0f5b0000, 0x0f5b0000, 0x107a0000)
 tenured generation   total 366156K, used 278210K [0x25400000, 0x3b993000, 0x65400000)
   the space 366156K,  75% used [0x25400000, 0x363b0a78, 0x363b0c00, 0x3b993000)
 Metaspace       used 93932K, committed 94528K, reserved 98304K
}

