# JRE version: OpenJDK Runtime Environment Temurin-17.0.11+9 (17.0.11+9) (build 17.0.11+9)
# Java VM: OpenJDK Client VM Temurin-17.0.11+9 (17.0.11+9, mixed mode, emulated-client, serial gc, windows-x86)
GC Precious Log:
 CPUs: 12 total, 12 available
 Memory: 32374M
 Large Page Support: Disabled
 NUMA Support: Disabled
 Compressed Oops: Disabled
 Heap Min Capacity: 6M
 Heap Initial Capacity: 16M
 Heap Max Capacity: 1536M
 Pre-touch: Disabled
Heap:
 def new generation   total 127168K, used 90376K [0x05800000, 0x0e1f0000, 0x25800000)
  eden space 113088K,  74% used [0x05800000, 0x0aac3560, 0x0c670000)
  from space 14080K,  39% used [0x0d430000, 0x0d9aec98, 0x0e1f0000)
  to   space 14080K,   0% used [0x0c670000, 0x0c670000, 0x0d430000)
 tenured generation   total 281624K, used 220844K [0x25800000, 0x36b06000, 0x65800000)
   the space 281624K,  78% used [0x25800000, 0x32fab180, 0x32fab200, 0x36b06000)
 Metaspace       used 97627K, committed 98048K, reserved 98304K
GC Heap History (20 events):
Event: 447.434 GC heap before
{Heap before GC invocations=225 (full 7):
 def new generation   total 107584K, used 101494K [0x05800000, 0x0ccb0000, 0x25800000)
  eden space 95680K, 100% used [0x05800000, 0x0b570000, 0x0b570000)
  from space 11904K,  48% used [0x0b570000, 0x0bb1da08, 0x0c110000)
  to   space 11904K,   0% used [0x0c110000, 0x0c110000, 0x0ccb0000)
 tenured generation   total 237640K, used 176055K [0x25800000, 0x34012000, 0x65800000)
   the space 237640K,  74% used [0x25800000, 0x303edf00, 0x303ee000, 0x34012000)
 Metaspace       used 91919K, committed 92480K, reserved 98304K
}
Event: 447.440 GC heap after
{Heap after GC invocations=226 (full 7):
 def new generation   total 107584K, used 4804K [0x05800000, 0x0ccb0000, 0x25800000)
  eden space 95680K,   0% used [0x05800000, 0x05800000, 0x0b570000)
  from space 11904K,  40% used [0x0c110000, 0x0c5c1180, 0x0ccb0000)
  to   space 11904K,   0% used [0x0b570000, 0x0b570000, 0x0c110000)
 tenured generation   total 237640K, used 176055K [0x25800000, 0x34012000, 0x65800000)
   the space 237640K,  74% used [0x25800000, 0x303edf00, 0x303ee000, 0x34012000)
 Metaspace       used 91919K, committed 92480K, reserved 98304K
}
Event: 447.640 GC heap before
{Heap before GC invocations=226 (full 7):
 def new generation   total 107584K, used 100484K [0x05800000, 0x0ccb0000, 0x25800000)
  eden space 95680K, 100% used [0x05800000, 0x0b570000, 0x0b570000)
  from space 11904K,  40% used [0x0c110000, 0x0c5c1180, 0x0ccb0000)
  to   space 11904K,   0% used [0x0b570000, 0x0b570000, 0x0c110000)
 tenured generation   total 237640K, used 176055K [0x25800000, 0x34012000, 0x65800000)
   the space 237640K,  74% used [0x25800000, 0x303edf00, 0x303ee000, 0x34012000)
 Metaspace       used 91935K, committed 92480K, reserved 98304K
}
Event: 447.645 GC heap after
{Heap after GC invocations=227 (full 7):
 def new generation   total 107584K, used 2568K [0x05800000, 0x0ccb0000, 0x25800000)
  eden space 95680K,   0% used [0x05800000, 0x05800000, 0x0b570000)
  from space 11904K,  21% used [0x0b570000, 0x0b7f23d8, 0x0c110000)
  to   space 11904K,   0% used [0x0c110000, 0x0c110000, 0x0ccb0000)
 tenured generation   total 237640K, used 176055K [0x25800000, 0x34012000, 0x65800000)
   the space 237640K,  74% used [0x25800000, 0x303edf00, 0x303ee000, 0x34012000)
 Metaspace       used 91935K, committed 92480K, reserved 98304K
}
Event: 447.785 GC heap before
{Heap before GC invocations=227 (full 7):
 def new generation   total 107584K, used 98248K [0x05800000, 0x0ccb0000, 0x25800000)
  eden space 95680K, 100% used [0x05800000, 0x0b570000, 0x0b570000)
  from space 11904K,  21% used [0x0b570000, 0x0b7f23d8, 0x0c110000)
  to   space 11904K,   0% used [0x0c110000, 0x0c110000, 0x0ccb0000)
 tenured generation   total 237640K, used 176055K [0x25800000, 0x34012000, 0x65800000)
   the space 237640K,  74% used [0x25800000, 0x303edf00, 0x303ee000, 0x34012000)
 Metaspace       used 92545K, committed 93120K, reserved 98304K
}
Event: 447.796 GC heap after
{Heap after GC invocations=228 (full 7):
 def new generation   total 107584K, used 11904K [0x05800000, 0x0ccb0000, 0x25800000)
  eden space 95680K,   0% used [0x05800000, 0x05800000, 0x0b570000)
  from space 11904K, 100% used [0x0c110000, 0x0ccb0000, 0x0ccb0000)
  to   space 11904K,   0% used [0x0b570000, 0x0b570000, 0x0c110000)
 tenured generation   total 237640K, used 184487K [0x25800000, 0x34012000, 0x65800000)
   the space 237640K,  77% used [0x25800000, 0x30c29c30, 0x30c29e00, 0x34012000)
 Metaspace       used 92545K, committed 93120K, reserved 98304K
}
Event: 447.993 GC heap before
{Heap before GC invocations=228 (full 7):
 def new generation   total 107584K, used 107584K [0x05800000, 0x0ccb0000, 0x25800000)
  eden space 95680K, 100% used [0x05800000, 0x0b570000, 0x0b570000)
  from space 11904K, 100% used [0x0c110000, 0x0ccb0000, 0x0ccb0000)
  to   space 11904K,   0% used [0x0b570000, 0x0b570000, 0x0c110000)
 tenured generation   total 237640K, used 184487K [0x25800000, 0x34012000, 0x65800000)
   the space 237640K,  77% used [0x25800000, 0x30c29c30, 0x30c29e00, 0x34012000)
 Metaspace       used 95301K, committed 95872K, reserved 98304K
}
Event: 448.018 GC heap after
{Heap after GC invocations=229 (full 7):
 def new generation   total 107584K, used 11904K [0x05800000, 0x0ccb0000, 0x25800000)
  eden space 95680K,   0% used [0x05800000, 0x05800000, 0x0b570000)
  from space 11904K, 100% used [0x0b570000, 0x0c110000, 0x0c110000)
  to   space 11904K,   0% used [0x0c110000, 0x0c110000, 0x0ccb0000)
 tenured generation   total 237640K, used 202260K [0x25800000, 0x34012000, 0x65800000)
   the space 237640K,  85% used [0x25800000, 0x31d85068, 0x31d85200, 0x34012000)
 Metaspace       used 95301K, committed 95872K, reserved 98304K
}
Event: 448.055 GC heap before
{Heap before GC invocations=229 (full 7):
 def new generation   total 107584K, used 107584K [0x05800000, 0x0ccb0000, 0x25800000)
  eden space 95680K, 100% used [0x05800000, 0x0b570000, 0x0b570000)
  from space 11904K, 100% used [0x0b570000, 0x0c110000, 0x0c110000)
  to   space 11904K,   0% used [0x0c110000, 0x0c110000, 0x0ccb0000)
 tenured generation   total 237640K, used 202260K [0x25800000, 0x34012000, 0x65800000)
   the space 237640K,  85% used [0x25800000, 0x31d85068, 0x31d85200, 0x34012000)
 Metaspace       used 95311K, committed 95936K, reserved 98304K
}
Event: 448.102 GC heap after
{Heap after GC invocations=230 (full 7):
 def new generation   total 107584K, used 11903K [0x05800000, 0x0ccb0000, 0x25800000)
  eden space 95680K,   0% used [0x05800000, 0x05800000, 0x0b570000)
  from space 11904K,  99% used [0x0c110000, 0x0ccafff8, 0x0ccb0000)
  to   space 11904K,   0% used [0x0b570000, 0x0b570000, 0x0c110000)
 tenured generation   total 237640K, used 221242K [0x25800000, 0x34012000, 0x65800000)
   the space 237640K,  93% used [0x25800000, 0x3300e900, 0x3300ea00, 0x34012000)
 Metaspace       used 95311K, committed 95936K, reserved 98304K
}
Event: 448.154 GC heap before
{Heap before GC invocations=230 (full 7):
 def new generation   total 107584K, used 107583K [0x05800000, 0x0ccb0000, 0x25800000)
  eden space 95680K, 100% used [0x05800000, 0x0b570000, 0x0b570000)
  from space 11904K,  99% used [0x0c110000, 0x0ccafff8, 0x0ccb0000)
  to   space 11904K,   0% used [0x0b570000, 0x0b570000, 0x0c110000)
 tenured generation   total 237640K, used 221242K [0x25800000, 0x34012000, 0x65800000)
   the space 237640K,  93% used [0x25800000, 0x3300e900, 0x3300ea00, 0x34012000)
 Metaspace       used 95343K, committed 95936K, reserved 98304K
}
Event: 448.221 GC heap after
{Heap after GC invocations=231 (full 7):
 def new generation   total 107584K, used 11903K [0x05800000, 0x0ccb0000, 0x25800000)
  eden space 95680K,   0% used [0x05800000, 0x05800000, 0x0b570000)
  from space 11904K,  99% used [0x0b570000, 0x0c10fff8, 0x0c110000)
  to   space 11904K,   0% used [0x0c110000, 0x0c110000, 0x0ccb0000)
 tenured generation   total 241096K, used 241065K [0x25800000, 0x34372000, 0x65800000)
   the space 241096K,  99% used [0x25800000, 0x3436a678, 0x3436a800, 0x34372000)
 Metaspace       used 95343K, committed 95936K, reserved 98304K
}
Event: 448.221 GC heap before
{Heap before GC invocations=231 (full 7):
 def new generation   total 107584K, used 11903K [0x05800000, 0x0ccb0000, 0x25800000)
  eden space 95680K,   0% used [0x05800000, 0x05800000, 0x0b570000)
  from space 11904K,  99% used [0x0b570000, 0x0c10fff8, 0x0c110000)
  to   space 11904K,   0% used [0x0c110000, 0x0c110000, 0x0ccb0000)
 tenured generation   total 241096K, used 241065K [0x25800000, 0x34372000, 0x65800000)
   the space 241096K,  99% used [0x25800000, 0x3436a678, 0x3436a800, 0x34372000)
 Metaspace       used 95343K, committed 95936K, reserved 98304K
}
Event: 448.439 GC heap after
{Heap after GC invocations=231 (full 8):
 def new generation   total 127168K, used 0K [0x05800000, 0x0e1f0000, 0x25800000)
  eden space 113088K,   0% used [0x05800000, 0x05800000, 0x0c670000)
  from space 14080K,   0% used [0x0c670000, 0x0c670000, 0x0d430000)
  to   space 14080K,   0% used [0x0d430000, 0x0d430000, 0x0e1f0000)
 tenured generation   total 281624K, used 168972K [0x25800000, 0x36b06000, 0x65800000)
   the space 281624K,  59% used [0x25800000, 0x2fd032a0, 0x2fd03400, 0x36b06000)
 Metaspace       used 94899K, committed 95936K, reserved 98304K
}
Event: 448.641 GC heap before
{Heap before GC invocations=231 (full 8):
 def new generation   total 127168K, used 113088K [0x05800000, 0x0e1f0000, 0x25800000)
  eden space 113088K, 100% used [0x05800000, 0x0c670000, 0x0c670000)
  from space 14080K,   0% used [0x0c670000, 0x0c670000, 0x0d430000)
  to   space 14080K,   0% used [0x0d430000, 0x0d430000, 0x0e1f0000)
 tenured generation   total 281624K, used 168972K [0x25800000, 0x36b06000, 0x65800000)
   the space 281624K,  59% used [0x25800000, 0x2fd032a0, 0x2fd03400, 0x36b06000)
 Metaspace       used 94899K, committed 95936K, reserved 98304K
}
Event: 448.693 GC heap after
{Heap after GC invocations=232 (full 8):
 def new generation   total 127168K, used 14080K [0x05800000, 0x0e1f0000, 0x25800000)
  eden space 113088K,   0% used [0x05800000, 0x05800000, 0x0c670000)
  from space 14080K, 100% used [0x0d430000, 0x0e1f0000, 0x0e1f0000)
  to   space 14080K,   0% used [0x0c670000, 0x0c670000, 0x0d430000)
 tenured generation   total 281624K, used 181091K [0x25800000, 0x36b06000, 0x65800000)
   the space 281624K,  64% used [0x25800000, 0x308d8e90, 0x308d9000, 0x36b06000)
 Metaspace       used 94899K, committed 95936K, reserved 98304K
}
Event: 448.914 GC heap before
{Heap before GC invocations=232 (full 8):
 def new generation   total 127168K, used 127168K [0x05800000, 0x0e1f0000, 0x25800000)
  eden space 113088K, 100% used [0x05800000, 0x0c670000, 0x0c670000)
  from space 14080K, 100% used [0x0d430000, 0x0e1f0000, 0x0e1f0000)
  to   space 14080K,   0% used [0x0c670000, 0x0c670000, 0x0d430000)
 tenured generation   total 281624K, used 181091K [0x25800000, 0x36b06000, 0x65800000)
   the space 281624K,  64% used [0x25800000, 0x308d8e90, 0x308d9000, 0x36b06000)
 Metaspace       used 95110K, committed 95936K, reserved 98304K
}
Event: 448.977 GC heap after
{Heap after GC invocations=233 (full 8):
 def new generation   total 127168K, used 14080K [0x05800000, 0x0e1f0000, 0x25800000)
  eden space 113088K,   0% used [0x05800000, 0x05800000, 0x0c670000)
  from space 14080K, 100% used [0x0c670000, 0x0d430000, 0x0d430000)
  to   space 14080K,   0% used [0x0d430000, 0x0d430000, 0x0e1f0000)
 tenured generation   total 281624K, used 206791K [0x25800000, 0x36b06000, 0x65800000)
   the space 281624K,  73% used [0x25800000, 0x321f1fc0, 0x321f2000, 0x36b06000)
 Metaspace       used 95110K, committed 95936K, reserved 98304K
}
Event: 449.148 GC heap before
{Heap before GC invocations=233 (full 8):
 def new generation   total 127168K, used 127168K [0x05800000, 0x0e1f0000, 0x25800000)
  eden space 113088K, 100% used [0x05800000, 0x0c670000, 0x0c670000)
  from space 14080K, 100% used [0x0c670000, 0x0d430000, 0x0d430000)
  to   space 14080K,   0% used [0x0d430000, 0x0d430000, 0x0e1f0000)
 tenured generation   total 281624K, used 206791K [0x25800000, 0x36b06000, 0x65800000)
   the space 281624K,  73% used [0x25800000, 0x321f1fc0, 0x321f2000, 0x36b06000)
 Metaspace       used 96336K, committed 96768K, reserved 98304K
}
Event: 449.176 GC heap after
{Heap after GC invocations=234 (full 8):
 def new generation   total 127168K, used 5627K [0x05800000, 0x0e1f0000, 0x25800000)
  eden space 113088K,   0% used [0x05800000, 0x05800000, 0x0c670000)
  from space 14080K,  39% used [0x0d430000, 0x0d9aec98, 0x0e1f0000)
  to   space 14080K,   0% used [0x0c670000, 0x0c670000, 0x0d430000)
 tenured generation   total 281624K, used 220844K [0x25800000, 0x36b06000, 0x65800000)
   the space 281624K,  78% used [0x25800000, 0x32fab180, 0x32fab200, 0x36b06000)
 Metaspace       used 96336K, committed 96768K, reserved 98304K
}

